2025-11-06 16:38:58,159 - root - INFO - Starting raw data generation...
2025-11-06 16:38:58,160 - root - INFO - Configuration: 5 parameter sets, 50000 MC paths, lhs sampling
2025-11-06 16:38:58,162 - DataOrchestrator - INFO - Starting data generation with 5 parameter sets
2025-11-06 16:38:58,162 - DataOrchestrator - INFO - Generating SABR parameter sets...
2025-11-06 16:38:58,163 - DataOrchestrator - INFO - Generating volatility surfaces...
2025-11-06 16:38:58,163 - DataOrchestrator - INFO - Using 5 workers for parallel surface generation
2025-11-06 16:38:58,163 - DataOrchestrator - INFO - Generating MC surfaces in parallel...
2025-11-06 16:39:03,657 - DataOrchestrator - INFO - Generating Hagan surfaces...
2025-11-06 16:39:03,661 - DataOrchestrator - INFO - Validating data quality...
2025-11-06 16:39:03,662 - DataOrchestrator - INFO - Validating data quality...
2025-11-06 16:39:03,667 - DataOrchestrator - INFO - Validation complete: 5/5 sets passed
2025-11-06 16:39:03,668 - DataOrchestrator - INFO - Overall quality score: 0.883
2025-11-06 16:39:03,669 - DataOrchestrator - INFO - Saving generated data...
2025-11-06 16:39:03,725 - DataOrchestrator - WARNING - pytables not available, skipping HDF5 export
2025-11-06 16:39:03,734 - DataOrchestrator - INFO - Data saved to data\raw/run_20251106_163903
2025-11-06 16:39:03,736 - DataOrchestrator - INFO - Data generation completed in 5.57 seconds
2025-11-06 16:39:03,738 - root - INFO - Raw data generation completed in 5.57 seconds
2025-11-06 16:39:03,738 - root - INFO - Generated 5 parameter sets
2025-11-06 16:39:03,739 - root - INFO - Validation: 5/5 sets passed
2025-11-06 16:39:03,739 - root - INFO - Overall quality score: 0.883
2025-11-06 16:39:03,740 - root - INFO - Starting data preprocessing...
2025-11-06 16:39:03,741 - preprocessing.data_preprocessor - INFO - Starting data preprocessing...
2025-11-06 16:39:03,745 - preprocessing.data_preprocessor - INFO - Extracted 50 total samples
2025-11-06 16:39:03,746 - preprocessing.data_preprocessor - INFO - Data split: 36 train, 7 val, 7 test
2025-11-06 16:39:03,813 - preprocessing.data_preprocessor - INFO - Preprocessing completed in 0.07 seconds
2025-11-06 16:39:03,814 - root - INFO - Preprocessing completed in 0.07 seconds
2025-11-06 16:39:03,814 - root - INFO - Created 36 training samples
2025-11-06 16:39:03,815 - root - INFO - Created 7 validation samples
2025-11-06 16:39:03,816 - root - INFO - Created 7 test samples
2025-11-06 16:49:57,659 - root - INFO - Starting raw data generation...
2025-11-06 16:49:57,659 - root - INFO - Configuration: 100 parameter sets, 50000 MC paths, lhs sampling
2025-11-06 16:49:57,660 - DataOrchestrator - INFO - Starting data generation with 100 parameter sets
2025-11-06 16:49:57,661 - DataOrchestrator - INFO - Generating SABR parameter sets...
2025-11-06 16:49:57,661 - DataOrchestrator - INFO - Generating volatility surfaces...
2025-11-06 16:49:57,661 - DataOrchestrator - INFO - Using 20 workers for parallel surface generation
2025-11-06 16:49:57,662 - DataOrchestrator - INFO - Generating MC surfaces in parallel...
2025-11-06 16:50:45,918 - DataOrchestrator - INFO - Generating Hagan surfaces...
2025-11-06 16:50:45,930 - DataOrchestrator - INFO - Validating data quality...
2025-11-06 16:50:45,930 - DataOrchestrator - INFO - Validating data quality...
2025-11-06 16:50:45,946 - DataOrchestrator - INFO - Validation complete: 100/100 sets passed
2025-11-06 16:50:45,946 - DataOrchestrator - INFO - Overall quality score: 0.918
2025-11-06 16:50:45,946 - DataOrchestrator - INFO - Saving generated data...
2025-11-06 16:50:46,061 - DataOrchestrator - WARNING - pytables not available, skipping HDF5 export
2025-11-06 16:50:46,069 - DataOrchestrator - INFO - Data saved to data\raw/run_20251106_165045
2025-11-06 16:50:46,073 - DataOrchestrator - INFO - Data generation completed in 48.41 seconds
2025-11-06 16:50:46,073 - root - INFO - Raw data generation completed in 48.41 seconds
2025-11-06 16:50:46,073 - root - INFO - Generated 100 parameter sets
2025-11-06 16:50:46,073 - root - INFO - Validation: 100/100 sets passed
2025-11-06 16:50:46,073 - root - INFO - Overall quality score: 0.918
2025-11-06 16:50:46,074 - root - INFO - Starting data preprocessing...
2025-11-06 16:50:46,075 - preprocessing.data_preprocessor - INFO - Starting data preprocessing...
2025-11-06 16:50:46,089 - preprocessing.data_preprocessor - INFO - Extracted 1000 total samples
2025-11-06 16:50:46,090 - preprocessing.data_preprocessor - INFO - Data split: 700 train, 150 val, 150 test
2025-11-06 16:50:46,313 - preprocessing.data_preprocessor - INFO - Preprocessing completed in 0.24 seconds
2025-11-06 16:50:46,314 - root - INFO - Preprocessing completed in 0.24 seconds
2025-11-06 16:50:46,314 - root - INFO - Created 700 training samples
2025-11-06 16:50:46,315 - root - INFO - Created 150 validation samples
2025-11-06 16:50:46,315 - root - INFO - Created 150 test samples
